Compiled jquery.js  (5ms)  (pid 5464)
Compiled jquery_ujs.js  (0ms)  (pid 5464)
Compiled carts.js  (838ms)  (pid 5464)
Compiled contact.js  (396ms)  (pid 5464)
Compiled line_items.js  (498ms)  (pid 5464)
Compiled paypal-button.min.js  (1ms)  (pid 5464)
Compiled products.js  (461ms)  (pid 5464)
Compiled static_pages.js  (402ms)  (pid 5464)
Compiled users.js  (400ms)  (pid 5464)
Compiled vendors.js  (405ms)  (pid 5464)
Compiled application.js  (3851ms)  (pid 5464)
Compiled jquery.js  (4ms)  (pid 4592)
Compiled jquery_ujs.js  (0ms)  (pid 4592)
Compiled carts.js  (429ms)  (pid 4592)
Compiled contact.js  (330ms)  (pid 4592)
Compiled line_items.js  (350ms)  (pid 4592)
Compiled paypal-button.min.js  (0ms)  (pid 4592)
Compiled products.js  (333ms)  (pid 4592)
Compiled static_pages.js  (367ms)  (pid 4592)
Compiled users.js  (336ms)  (pid 4592)
Compiled vendors.js  (360ms)  (pid 4592)
Compiled application.js  (2831ms)  (pid 4592)
